<?xml version="1.0" encoding="UTF-8"?>
<!-- Generated by org.testng.reporters.JUnitXMLReporter -->
<testsuite hostname="ASDP1510_PO01976" ignored="0" name="ChromeBrowserTest" tests="3" failures="0" timestamp="19 Jul 2019 08:39:18 GMT" time="34.447" errors="0">
  <testcase name="userEntersCorrectCredentials" time="4.299" classname="com.gmail.testScripts.Test_LoginPage"/>
  <testcase name="userEntersInvalidUserName" time="3.166" classname="com.gmail.testScripts.Test_LoginPage"/>
  <testcase name="userEntersValidUserNameButInvalidPassword" time="4.558" classname="com.gmail.testScripts.Test_LoginPage"/>
</testsuite> <!-- ChromeBrowserTest -->
