<?xml version="1.0" encoding="UTF-8"?>
<!-- Generated by org.testng.reporters.JUnitXMLReporter -->
<testsuite hostname="ASDP1510_PO01976" ignored="3" tests="0" failures="0" timestamp="19 Jul 2019 06:31:16 GMT" time="0.0" errors="0">
  <testcase name="userEntersInvalidUserName" time="0.0" classname="com.gmail.testScripts.Test_LoginPage">
    <ignored/>
  </testcase> <!-- userEntersInvalidUserName -->
  <testcase name="userEntersCorrectCredentials" time="0.0" classname="com.gmail.testScripts.Test_LoginPage">
    <ignored/>
  </testcase> <!-- userEntersCorrectCredentials -->
  <testcase name="userEntersValidUserNameButInvalidPassword" time="0.0" classname="com.gmail.testScripts.Test_LoginPage">
    <ignored/>
  </testcase> <!-- userEntersValidUserNameButInvalidPassword -->
</testsuite>
